c:\qt_vtk_ct\build\qt_vtk_ct.dir\debug\vc142.pdb
c:\qt_vtk_ct\build\qt_vtk_ct.dir\debug\protocol.obj
c:\qt_vtk_ct\build\qt_vtk_ct.dir\debug\packetdata.obj
c:\qt_vtk_ct\build\qt_vtk_ct.dir\debug\mainwindow.obj
c:\qt_vtk_ct\build\qt_vtk_ct.dir\debug\main.obj
c:\qt_vtk_ct\build\qt_vtk_ct.dir\debug\cbctrawimageviewer.obj
c:\qt_vtk_ct\build\qt_vtk_ct.dir\debug\cbctmodelcontroller.obj
c:\qt_vtk_ct\build\qt_vtk_ct.dir\debug\cbctlogthread.obj
c:\qt_vtk_ct\build\qt_vtk_ct.dir\debug\cbctfiletransfer.obj
c:\qt_vtk_ct\build\qt_vtk_ct.dir\debug\mocs_compilation_debug.obj
c:\qt_vtk_ct\build\qt_vtk_ct_autogen\autouic_debug.stamp
c:\qt_vtk_ct\build\cmakefiles\generate.stamp
c:\qt_vtk_ct\build\qt_vtk_ct.dir\debug\qt_vtk_ct.ilk
c:\qt_vtk_ct\build\debug\qt_vtk_ct.exe
c:\qt_vtk_ct\build\debug\qt_vtk_ct.pdb
c:\qt_vtk_ct\build\qt_vtk_ct.dir\debug\qt_vtk_ct.tlog\cl.command.1.tlog
c:\qt_vtk_ct\build\qt_vtk_ct.dir\debug\qt_vtk_ct.tlog\cl.read.1.tlog
c:\qt_vtk_ct\build\qt_vtk_ct.dir\debug\qt_vtk_ct.tlog\cl.write.1.tlog
c:\qt_vtk_ct\build\qt_vtk_ct.dir\debug\qt_vtk_ct.tlog\custombuild.command.1.tlog
c:\qt_vtk_ct\build\qt_vtk_ct.dir\debug\qt_vtk_ct.tlog\custombuild.read.1.tlog
c:\qt_vtk_ct\build\qt_vtk_ct.dir\debug\qt_vtk_ct.tlog\custombuild.write.1.tlog
c:\qt_vtk_ct\build\qt_vtk_ct.dir\debug\qt_vtk_ct.tlog\link.command.1.tlog
c:\qt_vtk_ct\build\qt_vtk_ct.dir\debug\qt_vtk_ct.tlog\link.read.1.tlog
c:\qt_vtk_ct\build\qt_vtk_ct.dir\debug\qt_vtk_ct.tlog\link.write.1.tlog
